{"/Users/patomf/Developer/express-middleware/src/app.js": {"path":"/Users/patomf/Developer/express-middleware/src/app.js","statementMap":{"0":{"start":{"line":2,"column":16},"end":{"line":2,"column":34}},"1":{"start":{"line":3,"column":12},"end":{"line":3,"column":21}},"2":{"start":{"line":4,"column":19},"end":{"line":4,"column":41}},"3":{"start":{"line":5,"column":0},"end":{"line":5,"column":27}},"4":{"start":{"line":6,"column":0},"end":{"line":6,"column":51}},"5":{"start":{"line":9,"column":0},"end":{"line":9,"column":19}},"6":{"start":{"line":11,"column":0},"end":{"line":11,"column":23}},"7":{"start":{"line":14,"column":0},"end":{"line":14,"column":24}},"8":{"start":{"line":16,"column":22},"end":{"line":16,"column":42}},"9":{"start":{"line":18,"column":0},"end":{"line":18,"column":16}},"10":{"start":{"line":21,"column":0},"end":{"line":21,"column":23}},"11":{"start":{"line":23,"column":0},"end":{"line":23,"column":21}}},"fnMap":{},"branchMap":{},"s":{"0":1,"1":1,"2":1,"3":1,"4":1,"5":1,"6":1,"7":1,"8":1,"9":1,"10":1,"11":1},"f":{},"b":{},"_coverageSchema":"1a1c01bbd47fc00a2c39e90264f33305004495a9","hash":"1d432c30f478085af1a35ac082181718fe4c9886"}
,"/Users/patomf/Developer/express-middleware/src/models/User.js": {"path":"/Users/patomf/Developer/express-middleware/src/models/User.js","statementMap":{"0":{"start":{"line":1,"column":17},"end":{"line":1,"column":36}},"1":{"start":{"line":2,"column":15},"end":{"line":2,"column":32}},"2":{"start":{"line":3,"column":12},"end":{"line":3,"column":35}},"3":{"start":{"line":4,"column":15},"end":{"line":4,"column":37}},"4":{"start":{"line":5,"column":15},"end":{"line":5,"column":30}},"5":{"start":{"line":7,"column":19},"end":{"line":11,"column":2}},"6":{"start":{"line":37,"column":0},"end":{"line":39,"column":2}},"7":{"start":{"line":38,"column":1},"end":{"line":38,"column":52}},"8":{"start":{"line":42,"column":0},"end":{"line":58,"column":2}},"9":{"start":{"line":43,"column":15},"end":{"line":43,"column":25}},"10":{"start":{"line":44,"column":24},"end":{"line":44,"column":34}},"11":{"start":{"line":46,"column":1},"end":{"line":46,"column":46}},"12":{"start":{"line":48,"column":15},"end":{"line":53,"column":2}},"13":{"start":{"line":55,"column":1},"end":{"line":57,"column":4}},"14":{"start":{"line":60,"column":13},"end":{"line":60,"column":47}},"15":{"start":{"line":64,"column":0},"end":{"line":64,"column":22}}},"fnMap":{"0":{"name":"(anonymous_0)","decl":{"start":{"line":37,"column":37},"end":{"line":37,"column":38}},"loc":{"start":{"line":37,"column":56},"end":{"line":39,"column":1}},"line":37},"1":{"name":"(anonymous_1)","decl":{"start":{"line":42,"column":33},"end":{"line":42,"column":34}},"loc":{"start":{"line":42,"column":44},"end":{"line":58,"column":1}},"line":42}},"branchMap":{},"s":{"0":1,"1":1,"2":1,"3":1,"4":1,"5":1,"6":1,"7":0,"8":1,"9":4,"10":4,"11":4,"12":4,"13":4,"14":1,"15":1},"f":{"0":0,"1":4},"b":{},"_coverageSchema":"1a1c01bbd47fc00a2c39e90264f33305004495a9","hash":"c61b28421e8da69a5ec02c5d0958dbccd1a58415"}
,"/Users/patomf/Developer/express-middleware/src/mongo/index.js": {"path":"/Users/patomf/Developer/express-middleware/src/mongo/index.js","statementMap":{"0":{"start":{"line":1,"column":15},"end":{"line":1,"column":32}},"1":{"start":{"line":2,"column":17},"end":{"line":2,"column":36}},"2":{"start":{"line":6,"column":0},"end":{"line":6,"column":16}},"3":{"start":{"line":8,"column":17},"end":{"line":8,"column":38}},"4":{"start":{"line":9,"column":21},"end":{"line":9,"column":61}},"5":{"start":{"line":10,"column":21},"end":{"line":10,"column":57}},"6":{"start":{"line":11,"column":21},"end":{"line":11,"column":55}},"7":{"start":{"line":12,"column":21},"end":{"line":12,"column":46}},"8":{"start":{"line":13,"column":25},"end":{"line":13,"column":54}},"9":{"start":{"line":14,"column":20},"end":{"line":14,"column":44}},"10":{"start":{"line":18,"column":18},"end":{"line":31,"column":1}},"11":{"start":{"line":20,"column":4},"end":{"line":30,"column":5}},"12":{"start":{"line":21,"column":8},"end":{"line":21,"column":114}},"13":{"start":{"line":25,"column":8},"end":{"line":29,"column":9}},"14":{"start":{"line":26,"column":12},"end":{"line":26,"column":194}},"15":{"start":{"line":28,"column":12},"end":{"line":28,"column":158}},"16":{"start":{"line":33,"column":21},"end":{"line":35,"column":1}},"17":{"start":{"line":34,"column":4},"end":{"line":34,"column":25}},"18":{"start":{"line":36,"column":0},"end":{"line":36,"column":11}},"19":{"start":{"line":39,"column":0},"end":{"line":39,"column":35}},"20":{"start":{"line":41,"column":14},"end":{"line":41,"column":33}},"21":{"start":{"line":42,"column":0},"end":{"line":42,"column":51}},"22":{"start":{"line":42,"column":29},"end":{"line":42,"column":49}},"23":{"start":{"line":43,"column":0},"end":{"line":45,"column":3}},"24":{"start":{"line":44,"column":2},"end":{"line":44,"column":46}},"25":{"start":{"line":47,"column":0},"end":{"line":47,"column":52}}},"fnMap":{"0":{"name":"(anonymous_0)","decl":{"start":{"line":18,"column":18},"end":{"line":18,"column":19}},"loc":{"start":{"line":18,"column":22},"end":{"line":31,"column":1}},"line":18},"1":{"name":"(anonymous_1)","decl":{"start":{"line":33,"column":21},"end":{"line":33,"column":22}},"loc":{"start":{"line":33,"column":26},"end":{"line":35,"column":1}},"line":33},"2":{"name":"(anonymous_2)","decl":{"start":{"line":42,"column":18},"end":{"line":42,"column":19}},"loc":{"start":{"line":42,"column":29},"end":{"line":42,"column":49}},"line":42},"3":{"name":"(anonymous_3)","decl":{"start":{"line":43,"column":19},"end":{"line":43,"column":20}},"loc":{"start":{"line":43,"column":25},"end":{"line":45,"column":1}},"line":43}},"branchMap":{"0":{"loc":{"start":{"line":9,"column":21},"end":{"line":9,"column":61}},"type":"binary-expr","locations":[{"start":{"line":9,"column":21},"end":{"line":9,"column":46}},{"start":{"line":9,"column":50},"end":{"line":9,"column":61}}],"line":9},"1":{"loc":{"start":{"line":10,"column":21},"end":{"line":10,"column":57}},"type":"binary-expr","locations":[{"start":{"line":10,"column":21},"end":{"line":10,"column":46}},{"start":{"line":10,"column":50},"end":{"line":10,"column":57}}],"line":10},"2":{"loc":{"start":{"line":11,"column":21},"end":{"line":11,"column":55}},"type":"binary-expr","locations":[{"start":{"line":11,"column":21},"end":{"line":11,"column":46}},{"start":{"line":11,"column":50},"end":{"line":11,"column":55}}],"line":11},"3":{"loc":{"start":{"line":20,"column":4},"end":{"line":30,"column":5}},"type":"if","locations":[{"start":{"line":20,"column":4},"end":{"line":30,"column":5}},{"start":{"line":22,"column":9},"end":{"line":30,"column":5}}],"line":20},"4":{"loc":{"start":{"line":25,"column":8},"end":{"line":29,"column":9}},"type":"if","locations":[{"start":{"line":25,"column":8},"end":{"line":29,"column":9}},{"start":{"line":27,"column":14},"end":{"line":29,"column":9}}],"line":25},"5":{"loc":{"start":{"line":25,"column":11},"end":{"line":25,"column":43}},"type":"binary-expr","locations":[{"start":{"line":25,"column":11},"end":{"line":25,"column":23}},{"start":{"line":25,"column":27},"end":{"line":25,"column":43}}],"line":25}},"s":{"0":1,"1":1,"2":1,"3":1,"4":1,"5":1,"6":1,"7":1,"8":1,"9":1,"10":1,"11":1,"12":0,"13":1,"14":1,"15":0,"16":1,"17":1,"18":1,"19":1,"20":1,"21":1,"22":0,"23":1,"24":1,"25":1},"f":{"0":1,"1":1,"2":0,"3":1},"b":{"0":[1,1],"1":[1,1],"2":[1,1],"3":[0,1],"4":[1,0],"5":[1,1]},"_coverageSchema":"1a1c01bbd47fc00a2c39e90264f33305004495a9","hash":"11856388fcb9926cda595aae78ab5cceac86f567"}
,"/Users/patomf/Developer/express-middleware/src/routers/index.js": {"path":"/Users/patomf/Developer/express-middleware/src/routers/index.js","statementMap":{"0":{"start":{"line":1,"column":16},"end":{"line":1,"column":34}},"1":{"start":{"line":2,"column":22},"end":{"line":2,"column":38}},"2":{"start":{"line":3,"column":19},"end":{"line":3,"column":36}},"3":{"start":{"line":4,"column":38},"end":{"line":4,"column":64}},"4":{"start":{"line":6,"column":0},"end":{"line":6,"column":35}},"5":{"start":{"line":7,"column":0},"end":{"line":7,"column":54}},"6":{"start":{"line":9,"column":0},"end":{"line":9,"column":31}}},"fnMap":{},"branchMap":{},"s":{"0":1,"1":1,"2":1,"3":1,"4":1,"5":1,"6":1},"f":{},"b":{},"_coverageSchema":"1a1c01bbd47fc00a2c39e90264f33305004495a9","hash":"c6ef89514632c9124e52fba7179b7163c9b93aac"}
,"/Users/patomf/Developer/express-middleware/src/routers/todo.js": {"path":"/Users/patomf/Developer/express-middleware/src/routers/todo.js","statementMap":{"0":{"start":{"line":1,"column":16},"end":{"line":1,"column":34}},"1":{"start":{"line":13,"column":19},"end":{"line":13,"column":35}},"2":{"start":{"line":15,"column":17},"end":{"line":37,"column":1}},"3":{"start":{"line":39,"column":0},"end":{"line":41,"column":3}},"4":{"start":{"line":40,"column":2},"end":{"line":40,"column":73}},"5":{"start":{"line":43,"column":0},"end":{"line":48,"column":3}},"6":{"start":{"line":44,"column":13},"end":{"line":44,"column":33}},"7":{"start":{"line":46,"column":18},"end":{"line":46,"column":73}},"8":{"start":{"line":46,"column":47},"end":{"line":46,"column":72}},"9":{"start":{"line":47,"column":2},"end":{"line":47,"column":23}},"10":{"start":{"line":50,"column":0},"end":{"line":53,"column":3}},"11":{"start":{"line":51,"column":2},"end":{"line":51,"column":26}},"12":{"start":{"line":52,"column":2},"end":{"line":52,"column":33}},"13":{"start":{"line":55,"column":0},"end":{"line":55,"column":43}},"14":{"start":{"line":57,"column":0},"end":{"line":57,"column":28}}},"fnMap":{"0":{"name":"(anonymous_0)","decl":{"start":{"line":39,"column":20},"end":{"line":39,"column":21}},"loc":{"start":{"line":39,"column":34},"end":{"line":41,"column":1}},"line":39},"1":{"name":"(anonymous_1)","decl":{"start":{"line":43,"column":30},"end":{"line":43,"column":31}},"loc":{"start":{"line":43,"column":44},"end":{"line":48,"column":1}},"line":43},"2":{"name":"(anonymous_2)","decl":{"start":{"line":46,"column":34},"end":{"line":46,"column":35}},"loc":{"start":{"line":46,"column":47},"end":{"line":46,"column":72}},"line":46},"3":{"name":"(anonymous_3)","decl":{"start":{"line":50,"column":21},"end":{"line":50,"column":22}},"loc":{"start":{"line":50,"column":35},"end":{"line":53,"column":1}},"line":50},"4":{"name":"(anonymous_4)","decl":{"start":{"line":55,"column":25},"end":{"line":55,"column":26}},"loc":{"start":{"line":55,"column":39},"end":{"line":55,"column":41}},"line":55}},"branchMap":{},"s":{"0":1,"1":1,"2":1,"3":1,"4":0,"5":1,"6":0,"7":0,"8":0,"9":0,"10":1,"11":0,"12":0,"13":1,"14":1},"f":{"0":0,"1":0,"2":0,"3":0,"4":0},"b":{},"_coverageSchema":"1a1c01bbd47fc00a2c39e90264f33305004495a9","hash":"3e3b64a87b297f9922399f31b87fd45a93e98b62"}
,"/Users/patomf/Developer/express-middleware/src/security/jwt.js": {"path":"/Users/patomf/Developer/express-middleware/src/security/jwt.js","statementMap":{"0":{"start":{"line":1,"column":16},"end":{"line":1,"column":34}},"1":{"start":{"line":2,"column":12},"end":{"line":2,"column":35}},"2":{"start":{"line":3,"column":13},"end":{"line":3,"column":38}},"3":{"start":{"line":4,"column":18},"end":{"line":4,"column":40}},"4":{"start":{"line":6,"column":19},"end":{"line":6,"column":35}},"5":{"start":{"line":8,"column":0},"end":{"line":48,"column":3}},"6":{"start":{"line":9,"column":41},"end":{"line":9,"column":49}},"7":{"start":{"line":11,"column":2},"end":{"line":19,"column":3}},"8":{"start":{"line":13,"column":18},"end":{"line":13,"column":20}},"9":{"start":{"line":14,"column":3},"end":{"line":14,"column":42}},"10":{"start":{"line":14,"column":17},"end":{"line":14,"column":41}},"11":{"start":{"line":15,"column":3},"end":{"line":15,"column":36}},"12":{"start":{"line":15,"column":14},"end":{"line":15,"column":35}},"13":{"start":{"line":16,"column":3},"end":{"line":16,"column":45}},"14":{"start":{"line":16,"column":18},"end":{"line":16,"column":44}},"15":{"start":{"line":18,"column":4},"end":{"line":18,"column":108}},"16":{"start":{"line":20,"column":23},"end":{"line":20,"column":59}},"17":{"start":{"line":22,"column":2},"end":{"line":47,"column":3}},"18":{"start":{"line":23,"column":4},"end":{"line":25,"column":62}},"19":{"start":{"line":27,"column":20},"end":{"line":31,"column":6}},"20":{"start":{"line":32,"column":22},"end":{"line":32,"column":42}},"21":{"start":{"line":33,"column":4},"end":{"line":46,"column":5}},"22":{"start":{"line":34,"column":6},"end":{"line":41,"column":9}},"23":{"start":{"line":43,"column":6},"end":{"line":45,"column":75}},"24":{"start":{"line":52,"column":0},"end":{"line":86,"column":3}},"25":{"start":{"line":53,"column":30},"end":{"line":53,"column":38}},"26":{"start":{"line":55,"column":2},"end":{"line":59,"column":3}},"27":{"start":{"line":56,"column":4},"end":{"line":58,"column":63}},"28":{"start":{"line":60,"column":2},"end":{"line":85,"column":3}},"29":{"start":{"line":61,"column":22},"end":{"line":61,"column":51}},"30":{"start":{"line":62,"column":4},"end":{"line":66,"column":5}},"31":{"start":{"line":63,"column":6},"end":{"line":65,"column":71}},"32":{"start":{"line":69,"column":4},"end":{"line":71,"column":5}},"33":{"start":{"line":70,"column":6},"end":{"line":70,"column":79}},"34":{"start":{"line":73,"column":4},"end":{"line":80,"column":7}},"35":{"start":{"line":82,"column":4},"end":{"line":84,"column":78}},"36":{"start":{"line":88,"column":22},"end":{"line":113,"column":1}},"37":{"start":{"line":91,"column":21},"end":{"line":91,"column":49}},"38":{"start":{"line":93,"column":2},"end":{"line":94,"column":74}},"39":{"start":{"line":94,"column":4},"end":{"line":94,"column":74}},"40":{"start":{"line":95,"column":16},"end":{"line":95,"column":40}},"41":{"start":{"line":97,"column":2},"end":{"line":98,"column":77}},"42":{"start":{"line":98,"column":4},"end":{"line":98,"column":77}},"43":{"start":{"line":102,"column":2},"end":{"line":108,"column":3}},"44":{"start":{"line":104,"column":4},"end":{"line":104,"column":48}},"45":{"start":{"line":107,"column":4},"end":{"line":107,"column":59}},"46":{"start":{"line":111,"column":2},"end":{"line":111,"column":32}},"47":{"start":{"line":112,"column":2},"end":{"line":112,"column":9}},"48":{"start":{"line":115,"column":0},"end":{"line":118,"column":2}}},"fnMap":{"0":{"name":"(anonymous_0)","decl":{"start":{"line":8,"column":29},"end":{"line":8,"column":30}},"loc":{"start":{"line":8,"column":49},"end":{"line":48,"column":1}},"line":8},"1":{"name":"(anonymous_1)","decl":{"start":{"line":52,"column":26},"end":{"line":52,"column":27}},"loc":{"start":{"line":52,"column":46},"end":{"line":86,"column":1}},"line":52},"2":{"name":"(anonymous_2)","decl":{"start":{"line":88,"column":22},"end":{"line":88,"column":23}},"loc":{"start":{"line":88,"column":42},"end":{"line":113,"column":1}},"line":88}},"branchMap":{"0":{"loc":{"start":{"line":11,"column":2},"end":{"line":19,"column":3}},"type":"if","locations":[{"start":{"line":11,"column":2},"end":{"line":19,"column":3}},{"start":{},"end":{}}],"line":11},"1":{"loc":{"start":{"line":11,"column":6},"end":{"line":11,"column":39}},"type":"binary-expr","locations":[{"start":{"line":11,"column":6},"end":{"line":11,"column":12}},{"start":{"line":11,"column":16},"end":{"line":11,"column":25}},{"start":{"line":11,"column":29},"end":{"line":11,"column":39}}],"line":11},"2":{"loc":{"start":{"line":14,"column":3},"end":{"line":14,"column":42}},"type":"if","locations":[{"start":{"line":14,"column":3},"end":{"line":14,"column":42}},{"start":{},"end":{}}],"line":14},"3":{"loc":{"start":{"line":15,"column":3},"end":{"line":15,"column":36}},"type":"if","locations":[{"start":{"line":15,"column":3},"end":{"line":15,"column":36}},{"start":{},"end":{}}],"line":15},"4":{"loc":{"start":{"line":16,"column":3},"end":{"line":16,"column":45}},"type":"if","locations":[{"start":{"line":16,"column":3},"end":{"line":16,"column":45}},{"start":{},"end":{}}],"line":16},"5":{"loc":{"start":{"line":22,"column":2},"end":{"line":47,"column":3}},"type":"if","locations":[{"start":{"line":22,"column":2},"end":{"line":47,"column":3}},{"start":{"line":26,"column":9},"end":{"line":47,"column":3}}],"line":22},"6":{"loc":{"start":{"line":33,"column":4},"end":{"line":46,"column":5}},"type":"if","locations":[{"start":{"line":33,"column":4},"end":{"line":46,"column":5}},{"start":{"line":42,"column":11},"end":{"line":46,"column":5}}],"line":33},"7":{"loc":{"start":{"line":55,"column":2},"end":{"line":59,"column":3}},"type":"if","locations":[{"start":{"line":55,"column":2},"end":{"line":59,"column":3}},{"start":{},"end":{}}],"line":55},"8":{"loc":{"start":{"line":55,"column":6},"end":{"line":55,"column":25}},"type":"binary-expr","locations":[{"start":{"line":55,"column":6},"end":{"line":55,"column":12}},{"start":{"line":55,"column":16},"end":{"line":55,"column":25}}],"line":55},"9":{"loc":{"start":{"line":62,"column":4},"end":{"line":66,"column":5}},"type":"if","locations":[{"start":{"line":62,"column":4},"end":{"line":66,"column":5}},{"start":{},"end":{}}],"line":62},"10":{"loc":{"start":{"line":69,"column":4},"end":{"line":71,"column":5}},"type":"if","locations":[{"start":{"line":69,"column":4},"end":{"line":71,"column":5}},{"start":{},"end":{}}],"line":69},"11":{"loc":{"start":{"line":93,"column":2},"end":{"line":94,"column":74}},"type":"if","locations":[{"start":{"line":93,"column":2},"end":{"line":94,"column":74}},{"start":{},"end":{}}],"line":93},"12":{"loc":{"start":{"line":97,"column":2},"end":{"line":98,"column":77}},"type":"if","locations":[{"start":{"line":97,"column":2},"end":{"line":98,"column":77}},{"start":{},"end":{}}],"line":97}},"s":{"0":1,"1":1,"2":1,"3":1,"4":1,"5":1,"6":6,"7":6,"8":3,"9":3,"10":2,"11":3,"12":2,"13":3,"14":2,"15":3,"16":3,"17":3,"18":1,"19":2,"20":2,"21":2,"22":2,"23":0,"24":1,"25":3,"26":3,"27":1,"28":2,"29":2,"30":2,"31":0,"32":2,"33":0,"34":2,"35":0,"36":1,"37":0,"38":0,"39":0,"40":0,"41":0,"42":0,"43":0,"44":0,"45":0,"46":0,"47":0,"48":1},"f":{"0":6,"1":3,"2":0},"b":{"0":[3,3],"1":[6,4,3],"2":[2,1],"3":[2,1],"4":[2,1],"5":[1,2],"6":[2,0],"7":[1,2],"8":[3,3],"9":[0,2],"10":[0,2],"11":[0,0],"12":[0,0]},"_coverageSchema":"1a1c01bbd47fc00a2c39e90264f33305004495a9","hash":"5738bf2440e3b679354217e37939aca694c36ae4"}
}
