TN:
SF:src/app.js
FNF:0
FNH:0
DA:2,1
DA:3,1
DA:4,1
DA:5,1
DA:6,1
DA:9,1
DA:11,1
DA:14,1
DA:16,1
DA:18,1
DA:21,1
DA:23,1
LF:12
LH:12
BRF:0
BRH:0
end_of_record
TN:
SF:src/models/User.js
FN:37,(anonymous_0)
FN:42,(anonymous_1)
FNF:2
FNH:1
FNDA:0,(anonymous_0)
FNDA:4,(anonymous_1)
DA:1,1
DA:2,1
DA:3,1
DA:4,1
DA:5,1
DA:7,1
DA:37,1
DA:38,0
DA:42,1
DA:43,4
DA:44,4
DA:46,4
DA:48,4
DA:55,4
DA:60,1
DA:64,1
LF:16
LH:15
BRF:0
BRH:0
end_of_record
TN:
SF:src/mongo/index.js
FN:18,(anonymous_0)
FN:33,(anonymous_1)
FN:42,(anonymous_2)
FN:43,(anonymous_3)
FNF:4
FNH:3
FNDA:1,(anonymous_0)
FNDA:1,(anonymous_1)
FNDA:0,(anonymous_2)
FNDA:1,(anonymous_3)
DA:1,1
DA:2,1
DA:6,1
DA:8,1
DA:9,1
DA:10,1
DA:11,1
DA:12,1
DA:13,1
DA:14,1
DA:18,1
DA:20,1
DA:21,0
DA:25,1
DA:26,1
DA:28,0
DA:33,1
DA:34,1
DA:36,1
DA:39,1
DA:41,1
DA:42,1
DA:43,1
DA:44,1
DA:47,1
LF:25
LH:23
BRDA:9,0,0,1
BRDA:9,0,1,1
BRDA:10,1,0,1
BRDA:10,1,1,1
BRDA:11,2,0,1
BRDA:11,2,1,1
BRDA:20,3,0,0
BRDA:20,3,1,1
BRDA:25,4,0,1
BRDA:25,4,1,0
BRDA:25,5,0,1
BRDA:25,5,1,1
BRF:12
BRH:10
end_of_record
TN:
SF:src/routers/index.js
FNF:0
FNH:0
DA:1,1
DA:2,1
DA:3,1
DA:4,1
DA:6,1
DA:7,1
DA:9,1
LF:7
LH:7
BRF:0
BRH:0
end_of_record
TN:
SF:src/routers/todo.js
FN:39,(anonymous_0)
FN:43,(anonymous_1)
FN:46,(anonymous_2)
FN:50,(anonymous_3)
FN:55,(anonymous_4)
FNF:5
FNH:0
FNDA:0,(anonymous_0)
FNDA:0,(anonymous_1)
FNDA:0,(anonymous_2)
FNDA:0,(anonymous_3)
FNDA:0,(anonymous_4)
DA:1,1
DA:13,1
DA:15,1
DA:39,1
DA:40,0
DA:43,1
DA:44,0
DA:46,0
DA:47,0
DA:50,1
DA:51,0
DA:52,0
DA:55,1
DA:57,1
LF:14
LH:8
BRF:0
BRH:0
end_of_record
TN:
SF:src/security/jwt.js
FN:8,(anonymous_0)
FN:52,(anonymous_1)
FN:88,(anonymous_2)
FNF:3
FNH:2
FNDA:6,(anonymous_0)
FNDA:3,(anonymous_1)
FNDA:0,(anonymous_2)
DA:1,1
DA:2,1
DA:3,1
DA:4,1
DA:6,1
DA:8,1
DA:9,6
DA:11,6
DA:13,3
DA:14,3
DA:15,3
DA:16,3
DA:18,3
DA:20,3
DA:22,3
DA:23,1
DA:27,2
DA:32,2
DA:33,2
DA:34,2
DA:43,0
DA:52,1
DA:53,3
DA:55,3
DA:56,1
DA:60,2
DA:61,2
DA:62,2
DA:63,0
DA:69,2
DA:70,0
DA:73,2
DA:82,0
DA:88,1
DA:91,0
DA:93,0
DA:94,0
DA:95,0
DA:97,0
DA:98,0
DA:102,0
DA:104,0
DA:107,0
DA:111,0
DA:112,0
DA:115,1
LF:46
LH:31
BRDA:11,0,0,3
BRDA:11,0,1,3
BRDA:11,1,0,6
BRDA:11,1,1,4
BRDA:11,1,2,3
BRDA:14,2,0,2
BRDA:14,2,1,1
BRDA:15,3,0,2
BRDA:15,3,1,1
BRDA:16,4,0,2
BRDA:16,4,1,1
BRDA:22,5,0,1
BRDA:22,5,1,2
BRDA:33,6,0,2
BRDA:33,6,1,0
BRDA:55,7,0,1
BRDA:55,7,1,2
BRDA:55,8,0,3
BRDA:55,8,1,3
BRDA:62,9,0,0
BRDA:62,9,1,2
BRDA:69,10,0,0
BRDA:69,10,1,2
BRDA:93,11,0,0
BRDA:93,11,1,0
BRDA:97,12,0,0
BRDA:97,12,1,0
BRF:27
BRH:20
end_of_record
